[debug] [2021-11-14T22:22:02.573Z] ----------------------------------------------------------------------
[debug] [2021-11-14T22:22:02.575Z] Command:       /home/nmcarv/.nvm/versions/node/v16.8.0/bin/node /home/nmcarv/.yarn/bin/firebase deploy --only functions
[debug] [2021-11-14T22:22:02.575Z] CLI Version:   9.22.0
[debug] [2021-11-14T22:22:02.575Z] Platform:      linux
[debug] [2021-11-14T22:22:02.575Z] Node Version:  v16.8.0
[debug] [2021-11-14T22:22:02.576Z] Time:          Sun Nov 14 2021 22:22:02 GMT+0000 (Western European Standard Time)
[debug] [2021-11-14T22:22:02.576Z] ----------------------------------------------------------------------
[debug] 
[debug] [2021-11-14T22:22:02.617Z] > command requires scopes: ["email","openid","https://www.googleapis.com/auth/cloudplatformprojects.readonly","https://www.googleapis.com/auth/firebase","https://www.googleapis.com/auth/cloud-platform"]
[debug] [2021-11-14T22:22:02.618Z] > authorizing via signed-in user (nunoormaker21@gmail.com)
[debug] [2021-11-14T22:22:02.618Z] [iam] checking project gateway-dao for permissions ["cloudfunctions.functions.create","cloudfunctions.functions.delete","cloudfunctions.functions.get","cloudfunctions.functions.list","cloudfunctions.functions.update","cloudfunctions.operations.get","firebase.projects.get"]
[debug] [2021-11-14T22:22:02.620Z] > refreshing access token with scopes: ["email","https://www.googleapis.com/auth/cloud-platform","https://www.googleapis.com/auth/cloudplatformprojects.readonly","https://www.googleapis.com/auth/firebase","openid"]
[debug] [2021-11-14T22:22:02.621Z] >>> HTTP REQUEST POST https://www.googleapis.com/oauth2/v3/token  
 <request body omitted>
[debug] [2021-11-14T22:22:02.811Z] <<< HTTP RESPONSE 200 {"pragma":"no-cache","date":"Sun, 14 Nov 2021 22:22:02 GMT","expires":"Mon, 01 Jan 1990 00:00:00 GMT","cache-control":"no-cache, no-store, max-age=0, must-revalidate","content-type":"application/json; charset=utf-8","vary":"X-Origin, Referer, Origin,Accept-Encoding","server":"scaffolding on HTTPServer2","x-xss-protection":"0","x-frame-options":"SAMEORIGIN","x-content-type-options":"nosniff","alt-svc":"clear","accept-ranges":"none","transfer-encoding":"chunked"}
[debug] [2021-11-14T22:22:02.834Z] >>> HTTP REQUEST POST https://cloudresourcemanager.googleapis.com/v1/projects/gateway-dao:testIamPermissions  
 {"permissions":["cloudfunctions.functions.create","cloudfunctions.functions.delete","cloudfunctions.functions.get","cloudfunctions.functions.list","cloudfunctions.functions.update","cloudfunctions.operations.get","firebase.projects.get"]}
[debug] [2021-11-14T22:22:03.609Z] <<< HTTP RESPONSE 200 {"content-type":"application/json; charset=UTF-8","vary":"X-Origin, Referer, Origin,Accept-Encoding","date":"Sun, 14 Nov 2021 22:22:03 GMT","server":"ESF","cache-control":"private","x-xss-protection":"0","x-frame-options":"SAMEORIGIN","x-content-type-options":"nosniff","server-timing":"gfet4t7; dur=634","alt-svc":"clear","accept-ranges":"none","transfer-encoding":"chunked"}
[debug] [2021-11-14T22:22:03.610Z] >>> HTTP REQUEST POST https://iam.googleapis.com/v1/projects/gateway-dao/serviceAccounts/gateway-dao@appspot.gserviceaccount.com:testIamPermissions  
 {"permissions":["iam.serviceAccounts.actAs"]}
[debug] [2021-11-14T22:22:04.345Z] <<< HTTP RESPONSE 200 {"content-type":"application/json; charset=UTF-8","vary":"X-Origin, Referer, Origin,Accept-Encoding","date":"Sun, 14 Nov 2021 22:22:04 GMT","server":"ESF","cache-control":"private","x-xss-protection":"0","x-frame-options":"SAMEORIGIN","x-content-type-options":"nosniff","alt-svc":"clear","accept-ranges":"none","transfer-encoding":"chunked"}
[info] 
[info] === Deploying to 'gateway-dao'...
[info] 
[info] i  deploying functions 
[info] Running command: npm --prefix "$RESOURCE_DIR" run build
